mode: set
service-order-avito/internal/handler/http/server/handler/courier/courier.go:27.65,29.2 1 1
service-order-avito/internal/handler/http/server/handler/courier/courier.go:31.72,33.61 2 1
service-order-avito/internal/handler/http/server/handler/courier/courier.go:33.61,36.3 2 1
service-order-avito/internal/handler/http/server/handler/courier/courier.go:37.2,38.16 2 1
service-order-avito/internal/handler/http/server/handler/courier/courier.go:38.16,41.3 2 1
service-order-avito/internal/handler/http/server/handler/courier/courier.go:42.2,46.36 4 1
service-order-avito/internal/handler/http/server/handler/courier/courier.go:49.71,52.16 3 1
service-order-avito/internal/handler/http/server/handler/courier/courier.go:52.16,55.3 2 1
service-order-avito/internal/handler/http/server/handler/courier/courier.go:57.2,62.16 3 1
service-order-avito/internal/handler/http/server/handler/courier/courier.go:62.16,65.3 2 1
service-order-avito/internal/handler/http/server/handler/courier/courier.go:67.2,69.40 3 1
service-order-avito/internal/handler/http/server/handler/courier/courier.go:72.74,74.16 2 1
service-order-avito/internal/handler/http/server/handler/courier/courier.go:74.16,77.3 2 1
service-order-avito/internal/handler/http/server/handler/courier/courier.go:79.2,81.41 3 1
service-order-avito/internal/handler/http/server/handler/courier/courier.go:84.71,86.61 2 1
service-order-avito/internal/handler/http/server/handler/courier/courier.go:86.61,89.3 2 1
service-order-avito/internal/handler/http/server/handler/courier/courier.go:90.2,91.16 2 1
service-order-avito/internal/handler/http/server/handler/courier/courier.go:91.16,94.3 2 1
service-order-avito/internal/handler/http/server/handler/courier/courier.go:95.2,100.36 4 1
service-order-avito/internal/handler/http/server/handler/courier/courier.go:103.74,106.16 3 1
service-order-avito/internal/handler/http/server/handler/courier/courier.go:106.16,109.3 2 1
service-order-avito/internal/handler/http/server/handler/courier/courier.go:111.2,114.16 3 1
service-order-avito/internal/handler/http/server/handler/courier/courier.go:114.16,117.3 2 1
service-order-avito/internal/handler/http/server/handler/courier/courier.go:118.2,124.36 4 1
service-order-avito/internal/handler/http/server/handler/delivery/delivery.go:22.67,24.2 1 1
service-order-avito/internal/handler/http/server/handler/delivery/delivery.go:26.79,28.61 2 1
service-order-avito/internal/handler/http/server/handler/delivery/delivery.go:28.61,31.3 2 1
service-order-avito/internal/handler/http/server/handler/delivery/delivery.go:32.2,33.16 2 1
service-order-avito/internal/handler/http/server/handler/delivery/delivery.go:33.16,36.3 2 1
service-order-avito/internal/handler/http/server/handler/delivery/delivery.go:38.2,40.36 3 1
service-order-avito/internal/handler/http/server/handler/delivery/delivery.go:43.81,45.61 2 1
service-order-avito/internal/handler/http/server/handler/delivery/delivery.go:45.61,48.3 2 1
service-order-avito/internal/handler/http/server/handler/delivery/delivery.go:49.2,50.16 2 1
service-order-avito/internal/handler/http/server/handler/delivery/delivery.go:50.16,53.3 2 1
service-order-avito/internal/handler/http/server/handler/delivery/delivery.go:55.2,57.36 3 1
service-order-avito/internal/service/courier/courier.go:17.101,19.2 1 1
service-order-avito/internal/service/courier/courier.go:21.129,22.28 1 1
service-order-avito/internal/service/courier/courier.go:22.28,24.3 1 1
service-order-avito/internal/service/courier/courier.go:25.2,25.30 1 1
service-order-avito/internal/service/courier/courier.go:25.30,27.3 1 1
service-order-avito/internal/service/courier/courier.go:28.2,28.32 1 1
service-order-avito/internal/service/courier/courier.go:28.32,30.3 1 1
service-order-avito/internal/service/courier/courier.go:33.2,33.46 1 1
service-order-avito/internal/service/courier/courier.go:33.46,35.3 1 1
service-order-avito/internal/service/courier/courier.go:37.2,46.16 3 1
service-order-avito/internal/service/courier/courier.go:46.16,48.3 1 1
service-order-avito/internal/service/courier/courier.go:49.2,49.48 1 1
service-order-avito/internal/service/courier/courier.go:52.120,54.16 2 1
service-order-avito/internal/service/courier/courier.go:54.16,56.3 1 1
service-order-avito/internal/service/courier/courier.go:58.2,65.22 2 1
service-order-avito/internal/service/courier/courier.go:68.97,70.16 2 1
service-order-avito/internal/service/courier/courier.go:70.16,74.3 1 1
service-order-avito/internal/service/courier/courier.go:76.2,77.39 2 1
service-order-avito/internal/service/courier/courier.go:77.39,85.3 1 1
service-order-avito/internal/service/courier/courier.go:87.2,87.22 1 1
service-order-avito/internal/service/courier/courier.go:90.99,91.46 1 1
service-order-avito/internal/service/courier/courier.go:91.46,93.3 1 1
service-order-avito/internal/service/courier/courier.go:94.2,94.49 1 1
service-order-avito/internal/service/courier/courier.go:94.49,96.3 1 1
service-order-avito/internal/service/courier/courier.go:97.2,97.52 1 1
service-order-avito/internal/service/courier/courier.go:97.52,99.3 1 1
service-order-avito/internal/service/courier/courier.go:100.2,100.73 1 1
service-order-avito/internal/service/courier/courier.go:100.73,102.3 1 1
service-order-avito/internal/service/courier/courier.go:104.2,112.61 2 1
service-order-avito/internal/service/courier/courier.go:112.61,114.3 1 1
service-order-avito/internal/service/courier/courier.go:115.2,115.12 1 1
service-order-avito/internal/service/courier/courier.go:118.99,120.16 2 1
service-order-avito/internal/service/courier/courier.go:120.16,122.3 1 1
service-order-avito/internal/service/courier/courier.go:124.2,124.12 1 1
service-order-avito/internal/service/courier/validation.go:11.36,13.2 1 1
service-order-avito/internal/service/courier/validation.go:15.38,17.41 2 1
service-order-avito/internal/service/courier/validation.go:17.41,19.3 1 1
service-order-avito/internal/service/courier/validation.go:20.2,20.21 1 1
service-order-avito/internal/service/courier/validation.go:20.21,22.3 1 0
service-order-avito/internal/service/courier/validation.go:23.2,23.30 1 1
service-order-avito/internal/service/courier/validation.go:23.30,24.26 1 1
service-order-avito/internal/service/courier/validation.go:24.26,26.4 1 0
service-order-avito/internal/service/courier/validation.go:28.2,28.13 1 1
service-order-avito/internal/service/courier/validation.go:31.40,32.99 1 1
service-order-avito/internal/service/courier/validation.go:32.99,34.3 1 1
service-order-avito/internal/service/courier/validation.go:35.2,35.14 1 1
service-order-avito/internal/service/courier/validation.go:38.54,39.136 1 1
service-order-avito/internal/service/courier/validation.go:39.136,41.3 1 1
service-order-avito/internal/service/courier/validation.go:42.2,42.14 1 1
service-order-avito/internal/service/delivery/delivery.go:20.133,22.2 1 1
service-order-avito/internal/service/delivery/delivery.go:24.125,26.58 2 1
service-order-avito/internal/service/delivery/delivery.go:26.58,28.17 2 1
service-order-avito/internal/service/delivery/delivery.go:28.17,30.4 1 1
service-order-avito/internal/service/delivery/delivery.go:31.3,39.17 3 1
service-order-avito/internal/service/delivery/delivery.go:39.17,41.4 1 1
service-order-avito/internal/service/delivery/delivery.go:43.3,50.17 3 1
service-order-avito/internal/service/delivery/delivery.go:50.17,52.4 1 1
service-order-avito/internal/service/delivery/delivery.go:54.3,60.13 2 1
service-order-avito/internal/service/delivery/delivery.go:62.2,62.16 1 1
service-order-avito/internal/service/delivery/delivery.go:62.16,64.3 1 1
service-order-avito/internal/service/delivery/delivery.go:65.2,65.17 1 1
service-order-avito/internal/service/delivery/delivery.go:68.131,70.58 2 1
service-order-avito/internal/service/delivery/delivery.go:70.58,72.17 2 1
service-order-avito/internal/service/delivery/delivery.go:72.17,74.4 1 1
service-order-avito/internal/service/delivery/delivery.go:76.3,77.17 2 1
service-order-avito/internal/service/delivery/delivery.go:77.17,79.4 1 1
service-order-avito/internal/service/delivery/delivery.go:81.3,87.17 3 1
service-order-avito/internal/service/delivery/delivery.go:87.17,89.4 1 1
service-order-avito/internal/service/delivery/delivery.go:91.3,96.13 2 1
service-order-avito/internal/service/delivery/delivery.go:98.2,98.16 1 1
service-order-avito/internal/service/delivery/delivery.go:98.16,100.3 1 1
service-order-avito/internal/service/delivery/delivery.go:101.2,101.17 1 1
service-order-avito/internal/service/delivery/delivery.go:106.83,108.58 2 1
service-order-avito/internal/service/delivery/delivery.go:108.58,110.17 2 1
service-order-avito/internal/service/delivery/delivery.go:110.17,112.4 1 1
service-order-avito/internal/service/delivery/delivery.go:113.3,113.36 1 1
service-order-avito/internal/service/delivery/delivery.go:113.36,115.4 1 1
service-order-avito/internal/service/delivery/delivery.go:117.3,121.41 4 1
service-order-avito/internal/service/delivery/delivery.go:121.41,124.4 2 1
service-order-avito/internal/service/delivery/delivery.go:126.3,127.17 2 1
service-order-avito/internal/service/delivery/delivery.go:127.17,129.4 1 1
service-order-avito/internal/service/delivery/delivery.go:131.3,132.17 2 1
service-order-avito/internal/service/delivery/delivery.go:132.17,134.4 1 1
service-order-avito/internal/service/delivery/delivery.go:135.3,135.13 1 1
service-order-avito/internal/service/delivery/delivery.go:137.2,137.16 1 1
service-order-avito/internal/service/delivery/delivery.go:137.16,139.3 1 1
service-order-avito/internal/service/delivery/delivery.go:140.2,140.29 1 1
service-order-avito/internal/service/delivery/delivery.go:144.131,146.58 2 0
service-order-avito/internal/service/delivery/delivery.go:146.58,148.17 2 0
service-order-avito/internal/service/delivery/delivery.go:148.17,150.4 1 0
service-order-avito/internal/service/delivery/delivery.go:152.3,158.17 3 0
service-order-avito/internal/service/delivery/delivery.go:158.17,160.4 1 0
service-order-avito/internal/service/delivery/delivery.go:162.3,167.13 2 0
service-order-avito/internal/service/delivery/delivery.go:169.2,169.16 1 0
service-order-avito/internal/service/delivery/delivery.go:169.16,171.3 1 0
service-order-avito/internal/service/delivery/delivery.go:172.2,172.17 1 0
service-order-avito/internal/service/delivery/delivery_time_calc.go:16.52,18.2 1 1
service-order-avito/internal/service/delivery/delivery_time_calc.go:20.75,21.23 1 1
service-order-avito/internal/service/delivery/delivery_time_calc.go:22.31,23.42 1 0
service-order-avito/internal/service/delivery/delivery_time_calc.go:24.34,25.45 1 0
service-order-avito/internal/service/delivery/delivery_time_calc.go:26.30,27.41 1 1
service-order-avito/internal/service/delivery/delivery_time_calc.go:28.10,29.42 1 0
